<?xml version="1.0" encoding="UTF-8"?>
<testng-results skipped="0" failed="0" total="1" passed="1">
  <reporter-output>
  </reporter-output>
  <suite name="Suite" duration-ms="31853" started-at="2018-01-20T02:57:35Z" finished-at="2018-01-20T02:58:07Z">
    <groups>
    </groups>
    <test name="Test" duration-ms="31853" started-at="2018-01-20T02:57:35Z" finished-at="2018-01-20T02:58:07Z">
      <class name="applicationTestCases.LoginCRM">
        <test-method status="PASS" signature="setUpReports()[pri:0, instance:applicationTestCases.LoginCRM@1690630]" name="setUpReports" is-config="true" duration-ms="4584" started-at="2018-01-20T08:27:31Z" finished-at="2018-01-20T08:27:35Z">
          <reporter-output>
          </reporter-output>
        </test-method> <!-- setUpReports -->
        <test-method status="PASS" signature="startUpSession(java.lang.String)[pri:0, instance:applicationTestCases.LoginCRM@1690630]" name="startUpSession" is-config="true" duration-ms="21084" started-at="2018-01-20T08:27:35Z" finished-at="2018-01-20T08:27:56Z">
          <params>
            <param index="0">
              <value>
                <![CDATA[Chrome]]>
              </value>
            </param>
          </params>
          <reporter-output>
          </reporter-output>
        </test-method> <!-- startUpSession -->
        <test-method status="PASS" signature="loginAdm()[pri:0, instance:applicationTestCases.LoginCRM@1690630]" name="loginAdm" duration-ms="6541" started-at="2018-01-20T08:27:56Z" finished-at="2018-01-20T08:28:03Z">
          <reporter-output>
          </reporter-output>
        </test-method> <!-- loginAdm -->
        <test-method status="PASS" signature="tearDown(org.testng.ITestResult)[pri:0, instance:applicationTestCases.LoginCRM@1690630]" name="tearDown" is-config="true" duration-ms="3547" started-at="2018-01-20T08:28:03Z" finished-at="2018-01-20T08:28:06Z">
          <params>
            <param index="0">
              <value>
                <![CDATA[[TestResult name=loginAdm status=SUCCESS method=LoginCRM.loginAdm()[pri:0, instance:applicationTestCases.LoginCRM@1690630] output={null}]]]>
              </value>
            </param>
          </params>
          <reporter-output>
          </reporter-output>
        </test-method> <!-- tearDown -->
        <test-method status="PASS" signature="terminateSession()[pri:0, instance:applicationTestCases.LoginCRM@1690630]" name="terminateSession" is-config="true" duration-ms="657" started-at="2018-01-20T08:28:06Z" finished-at="2018-01-20T08:28:07Z">
          <reporter-output>
          </reporter-output>
        </test-method> <!-- terminateSession -->
        <test-method status="PASS" signature="tearDownReports()[pri:0, instance:applicationTestCases.LoginCRM@1690630]" name="tearDownReports" is-config="true" duration-ms="731" started-at="2018-01-20T08:28:07Z" finished-at="2018-01-20T08:28:08Z">
          <reporter-output>
          </reporter-output>
        </test-method> <!-- tearDownReports -->
      </class> <!-- applicationTestCases.LoginCRM -->
    </test> <!-- Test -->
  </suite> <!-- Suite -->
</testng-results>
