<?xml version="1.0" encoding="UTF-8"?>
<testng-results skipped="0" failed="0" total="1" passed="1">
  <reporter-output>
  </reporter-output>
  <suite name="Default suite" duration-ms="51717" started-at="2018-02-22T15:01:43Z" finished-at="2018-02-22T15:02:34Z">
    <groups>
    </groups>
    <test name="Default test" duration-ms="51717" started-at="2018-02-22T15:01:43Z" finished-at="2018-02-22T15:02:34Z">
      <class name="unitTestCases.SeleniumTestCloudmobile">
        <test-method status="PASS" signature="testBrowser()[pri:0, instance:unitTestCases.SeleniumTestCloudmobile@83b407]" name="testBrowser" duration-ms="51649" started-at="2018-02-22T20:31:43Z" finished-at="2018-02-22T20:32:34Z">
          <reporter-output>
          </reporter-output>
        </test-method> <!-- testBrowser -->
      </class> <!-- unitTestCases.SeleniumTestCloudmobile -->
    </test> <!-- Default test -->
  </suite> <!-- Default suite -->
</testng-results>
