<?xml version="1.0" encoding="UTF-8"?>
<testng-results skipped="0" failed="0" total="1" passed="1">
  <reporter-output>
  </reporter-output>
  <suite name="Default suite" duration-ms="59389" started-at="2018-02-13T08:33:13Z" finished-at="2018-02-13T08:34:12Z">
    <groups>
    </groups>
    <test name="Default test" duration-ms="59389" started-at="2018-02-13T08:33:13Z" finished-at="2018-02-13T08:34:12Z">
      <class name="unitTestCases.SeleniumGridTestCase">
        <test-method status="PASS" signature="testBrowser()[pri:0, instance:unitTestCases.SeleniumGridTestCase@83b407]" name="testBrowser" duration-ms="59245" started-at="2018-02-13T14:03:13Z" finished-at="2018-02-13T14:04:12Z">
          <reporter-output>
          </reporter-output>
        </test-method> <!-- testBrowser -->
      </class> <!-- unitTestCases.SeleniumGridTestCase -->
    </test> <!-- Default test -->
  </suite> <!-- Default suite -->
</testng-results>
